2026-03-31 17:08:15 - Save quiz started
Input: Array
(
    [questions] => Array
        (
            [0] => Array
                (
                    [question] => According to the notes, on which platforms can PHP run?
                    [options] => Array
                        (
                            [A] => Only Windows and Linux
                            [B] => All major platforms, including Windows, Linux, Unix, and Mac OS X
                            [C] => Exclusively server-side Linux distributions
                            [D] => Mobile operating systems only
                        )

                    [correct] => B
                )

            [1] => Array
                (
                    [question] => With which web servers is PHP compatible, based on the provided information?
                    [options] => Array
                        (
                            [A] => Only Apache
                            [B] => A limited selection of older web servers
                            [C] => All leading web servers, such as Nginx, Apache, Cloudflare, and Microsoft IIS
                            [D] => Cloud-based servers only
                        )

                    [correct] => C
                )

            [2] => Array
                (
                    [question] => What is true about PHP's database support, according to the notes?
                    [options] => Array
                        (
                            [A] => It only supports MySQL databases.
                            [B] => It supports a wide range of databases including MySQL, PostgreSQL, MS SQL, and MongoDB.
                            [C] => It primarily supports NoSQL databases.
                            [D] => Database support is limited to proprietary systems.
                        )

                    [correct] => B
                )

            [3] => Array
                (
                    [question] => What is the cost of PHP, and where can it be downloaded?
                    [options] => Array
                        (
                            [A] => It is free and can be downloaded from the official PHP resource: www.php.net.
                            [B] => It requires a paid license from its official vendor.
                            [C] => It is free but only available through commercial hosting providers.
                            [D] => It is free for personal use but paid for commercial projects, downloadable from a developer forum.
                        )

                    [correct] => A
                )

            [4] => Array
                (
                    [question] => Based on the notes, what are two key characteristics of PHP regarding its usability and performance?
                    [options] => Array
                        (
                            [A] => It is difficult to learn and runs client-side.
                            [B] => It is easy to learn and runs efficiently on the server side.
                            [C] => It is easy to learn but inefficient for server-side operations.
                            [D] => It requires advanced programming knowledge and runs only on specific hardware.
                        )

                    [correct] => B
                )

        )

)

User ID: 7
Title: Quiz - Mar 31, 2026 05:08 PM
Quiz data length: 1765
2026-03-31 17:08:53 - Save quiz started
Input: Array
(
    [questions] => Array
        (
            [0] => Array
                (
                    [question] => On which of the following platforms can PHP run?
                    [options] => Array
                        (
                            [A] => Windows, Linux, Unix, and Mac OS X
                            [B] => Only Windows and Linux
                            [C] => Mac OS X exclusively
                            [D] => Android and iOS only
                        )

                    [correct] => A
                )

            [1] => Array
                (
                    [question] => PHP is compatible with a wide range of web servers, including:
                    [options] => Array
                        (
                            [A] => Nginx, Apache, and Microsoft IIS
                            [B] => Only Apache
                            [C] => Google Chrome browser
                            [D] => Mozilla Firefox browser
                        )

                    [correct] => A
                )

            [2] => Array
                (
                    [question] => Which of these databases does PHP support?
                    [options] => Array
                        (
                            [A] => MySQL, PostgreSQL, Oracle Database, and MongoDB
                            [B] => Only MySQL and PostgreSQL
                            [C] => Microsoft Excel spreadsheets
                            [D] => Adobe Photoshop files
                        )

                    [correct] => A
                )

            [3] => Array
                (
                    [question] => What is the cost of PHP and where can it be downloaded from officially?
                    [options] => Array
                        (
                            [A] => PHP is free and can be downloaded from www.php.net
                            [B] => PHP is paid software available on www.php.com
                            [C] => PHP is free but only available through a specific app store
                            [D] => PHP requires a subscription to download from www.php.net
                        )

                    [correct] => A
                )

            [4] => Array
                (
                    [question] => Based on the notes, which statement about PHP's characteristics is true?
                    [options] => Array
                        (
                            [A] => PHP is easy to learn and runs efficiently on the server side.
                            [B] => PHP is difficult to learn but runs efficiently on the client side.
                            [C] => PHP is easy to learn but runs slowly on the server side.
                            [D] => PHP is an inefficient client-side scripting language.
                        )

                    [correct] => A
                )

        )

)

User ID: 7
Title: Quiz - Mar 31, 2026 05:08 PM
Quiz data length: 1396
2026-03-31 17:26:12 - Save quiz started
Input: Array
(
    [questions] => Array
        (
            [0] => Array
                (
                    [question] => On which of the following platforms can PHP run?
                    [options] => Array
                        (
                            [A] => Windows only
                            [B] => Linux and Unix exclusively
                            [C] => Mac OS X only
                            [D] => All major platforms including Windows, Linux, Unix, and Mac OS X
                        )

                    [correct] => D
                )

            [1] => Array
                (
                    [question] => PHP is compatible with which types of web servers?
                    [options] => Array
                        (
                            [A] => Only Nginx and Apache
                            [B] => Only Microsoft IIS
                            [C] => All leading web servers, such as Nginx, Apache, Cloudflare, and Microsoft IIS
                            [D] => Only servers specifically designed for PHP
                        )

                    [correct] => C
                )

            [2] => Array
                (
                    [question] => Which statement best describes PHP's database support?
                    [options] => Array
                        (
                            [A] => It is limited to only two specific databases.
                            [B] => It supports only proprietary databases like Oracle Database.
                            [C] => It supports a wide range of databases including MySQL, PostgreSQL, MS SQL, and MongoDB.
                            [D] => PHP does not inherently support databases.
                        )

                    [correct] => C
                )

            [3] => Array
                (
                    [question] => What is the cost of PHP and where can it be downloaded?
                    [options] => Array
                        (
                            [A] => It is a paid software, available through various commercial vendors.
                            [B] => It is free and can be downloaded from its official resource, www.php.net.
                            [C] => It is free, but only available as part of a commercial web server package.
                            [D] => It requires a subscription fee and is distributed via private channels.
                        )

                    [correct] => B
                )

            [4] => Array
                (
                    [question] => Which of the following describes PHP's characteristics regarding ease of learning and execution?
                    [options] => Array
                        (
                            [A] => It is difficult to learn and runs inefficiently on the client side.
                            [B] => It is easy to learn and runs efficiently on the server side.
                            [C] => It is moderately difficult to learn and runs on the client side only.
                            [D] => It is easy to learn but is known for inefficient server-side performance.
                        )

                    [correct] => B
                )

        )

)

User ID: 7
Title: Quiz - Mar 31, 2026 05:26 PM
Quiz data length: 1716
2026-04-01 03:57:16 - Save quiz started
Input: Array
(
    [questions] => Array
        (
            [0] => Array
                (
                    [question] => According to the study material, what is Algebra essentially?
                    [options] => Array
                        (
                            [A] => A branch of science that studies geometric shapes.
                            [B] => Generalized arithmetic, working with symbols and numbers.
                            [C] => A method for calculating probabilities in statistics.
                            [D] => The study of fixed numerical values only.
                        )

                    [correct] => B
                )

            [1] => Array
                (
                    [question] => What is the primary function of a 'variable' in Algebra, as described in the notes?
                    [options] => Array
                        (
                            [A] => To represent a fixed numerical value.
                            [B] => To symbolize a mathematical operation.
                            [C] => To represent an unknown number or a quantity that can change.
                            [D] => To classify different types of equations.
                        )

                    [correct] => C
                )

            [2] => Array
                (
                    [question] => Which of the following topics is NOT explicitly listed in the 'Table of Contents' for the Comprehensive Algebra Study Material?
                    [options] => Array
                        (
                            [A] => Linear Inequalities
                            [B] => Factoring Polynomials
                            [C] => Trigonometric Functions
                            [D] => Systems of Linear Equations
                        )

                    [correct] => C
                )

            [3] => Array
                (
                    [question] => In Algebra, what is a 'Constant'?
                    [options] => Array
                        (
                            [A] => A letter used to represent an unknown number.
                            [B] => A quantity that can change its value.
                            [C] => A fixed numerical value.
                            [D] => A rule for solving equations.
                        )

                    [correct] => C
                )

            [4] => Array
                (
                    [question] => The introduction to Algebra states that variables allow us to do what?
                    [options] => Array
                        (
                            [A] => Restrict the use of numbers in mathematics.
                            [B] => Generalize arithmetic rules and solve problems involving unknown quantities.
                            [C] => Focus solely on geometry without numerical values.
                            [D] => Create new mathematical operations that are not arithmetic.
                        )

                    [correct] => B
                )

        )

)

User ID: 7
Title: Quiz - Apr 01, 2026 03:57 AM
Quiz data length: 1556
2026-04-02 00:18:43 - Save quiz started
Input: Array
(
    [questions] => Array
        (
            [0] => Array
                (
                    [question] => What is Git primarily described as in the study material?
                    [options] => Array
                        (
                            [A] => A cloud-based hosting service for Git repositories.
                            [B] => A distributed version control system (DVCS).
                            [C] => A web interface for collaborative project management.
                            [D] => A social network exclusively for open-source contributors.
                        )

                    [correct] => B
                )

            [1] => Array
                (
                    [question] => Which of the following best describes GitHub according to the notes?
                    [options] => Array
                        (
                            [A] => A command-line tool that tracks changes in source code locally.
                            [B] => An engine that powers distributed version control without a web interface.
                            [C] => A cloud-based hosting service for Git repositories with collaboration tools.
                            [D] => A platform solely for personal code storage without social features.
                        )

                    [correct] => C
                )

            [2] => Array
                (
                    [question] => The study material uses an analogy to explain the relationship between Git and GitHub. If Git is considered the 'engine,' what does GitHub represent?
                    [options] => Array
                        (
                            [A] => The source code itself being developed.
                            [B] => The primary command-line tool for version control.
                            [C] => The dashboard, social network, and cloud storage for Git projects.
                            [D] => An alternative version control system that competes with Git.
                        )

                    [correct] => C
                )

            [3] => Array
                (
                    [question] => Which of these is NOT listed as a reason to use GitHub in the provided material?
                    [options] => Array
                        (
                            [A] => To track every change, revert to previous versions, and understand who made what change.
                            [B] => To facilitate teamwork, code review, and merging contributions from multiple developers.
                            [C] => To serve as a public portfolio for developers to showcase their work.
                            [D] => To automatically compile and deploy code to production servers upon commit.
                        )

                    [correct] => D
                )

            [4] => Array
                (
                    [question] => According to the notes, Git is primarily a command-line tool that runs ________.
                    [options] => Array
                        (
                            [A] => Exclusively on cloud servers hosted by GitHub.
                            [B] => Remotely as a web-based platform.
                            [C] => Locally on your machine.
                            [D] => Only within an Integrated Development Environment (IDE).
                        )

                    [correct] => C
                )

        )

)

User ID: 7
Title: Quiz - Apr 02, 2026 12:18 AM
Quiz data length: 1967
2026-04-02 14:09:32 - Save quiz started
Input: Array
(
    [questions] => Array
        (
            [0] => Array
                (
                    [question] => To which genus do tigers belong?
                    [options] => Array
                        (
                            [A] => Felidae
                            [B] => Panthera
                            [C] => tigris
                            [D] => Carnivora
                        )

                    [correct] => B
                )

            [1] => Array
                (
                    [question] => What is a unique characteristic of a tiger's stripe pattern?
                    [options] => Array
                        (
                            [A] => It changes significantly as the tiger ages.
                            [B] => Each tiger's stripe pattern is unique, similar to a human fingerprint.
                            [C] => It is identical among all tigers of the same subspecies.
                            [D] => The stripes are only visible under specific light conditions.
                        )

                    [correct] => B
                )

            [2] => Array
                (
                    [question] => Which tiger subspecies is generally considered the largest?
                    [options] => Array
                        (
                            [A] => Bengal tiger
                            [B] => Sumatran tiger
                            [C] => Siberian (Amur) tiger
                            [D] => Malayan tiger
                        )

                    [correct] => C
                )

            [3] => Array
                (
                    [question] => What adaptation gives tigers excellent night vision, stated to be 6 times better than humans?
                    [options] => Array
                        (
                            [A] => An increased number of photoreceptor cells in the retina.
                            [B] => The ability to dilate their pupils to an extreme size.
                            [C] => A reflective layer behind the retina called the tapetum lucidum.
                            [D] => Their eyes produce a faint bioluminescence in the dark.
                        )

                    [correct] => C
                )

            [4] => Array
                (
                    [question] => According to the study material, how many tiger subspecies are currently considered extinct?
                    [options] => Array
                        (
                            [A] => Two
                            [B] => Three
                            [C] => Six
                            [D] => Nine
                        )

                    [correct] => B
                )

        )

)

User ID: 7
Title: Quiz - Apr 02, 2026 02:09 PM
Quiz data length: 1252
2026-04-02 14:09:36 - Save quiz started
Input: Array
(
    [questions] => Array
        (
            [0] => Array
                (
                    [question] => To which genus do tigers belong?
                    [options] => Array
                        (
                            [A] => Felidae
                            [B] => Panthera
                            [C] => tigris
                            [D] => Carnivora
                        )

                    [correct] => B
                )

            [1] => Array
                (
                    [question] => What is a unique characteristic of a tiger's stripe pattern?
                    [options] => Array
                        (
                            [A] => It changes significantly as the tiger ages.
                            [B] => Each tiger's stripe pattern is unique, similar to a human fingerprint.
                            [C] => It is identical among all tigers of the same subspecies.
                            [D] => The stripes are only visible under specific light conditions.
                        )

                    [correct] => B
                )

            [2] => Array
                (
                    [question] => Which tiger subspecies is generally considered the largest?
                    [options] => Array
                        (
                            [A] => Bengal tiger
                            [B] => Sumatran tiger
                            [C] => Siberian (Amur) tiger
                            [D] => Malayan tiger
                        )

                    [correct] => C
                )

            [3] => Array
                (
                    [question] => What adaptation gives tigers excellent night vision, stated to be 6 times better than humans?
                    [options] => Array
                        (
                            [A] => An increased number of photoreceptor cells in the retina.
                            [B] => The ability to dilate their pupils to an extreme size.
                            [C] => A reflective layer behind the retina called the tapetum lucidum.
                            [D] => Their eyes produce a faint bioluminescence in the dark.
                        )

                    [correct] => C
                )

            [4] => Array
                (
                    [question] => According to the study material, how many tiger subspecies are currently considered extinct?
                    [options] => Array
                        (
                            [A] => Two
                            [B] => Three
                            [C] => Six
                            [D] => Nine
                        )

                    [correct] => B
                )

        )

)

User ID: 7
Title: Quiz - Apr 02, 2026 02:09 PM
Quiz data length: 1252
2026-04-03 16:55:13 - Save quiz started
Input: Array
(
    [questions] => Array
        (
            [0] => Array
                (
                    [question] => According to the study material, what crucial ecological role does the tiger play in its ecosystem?
                    [options] => Array
                        (
                            [A] => Primary decomposer, breaking down dead organic matter.
                            [B] => Herbivore, consuming vegetation to control plant populations.
                            [C] => Apex predator, influencing prey populations and the health of entire ecosystems.
                            [D] => Scavenger, primarily feeding on carcasses left by other predators.
                        )

                    [correct] => C
                )

            [1] => Array
                (
                    [question] => In the taxonomic classification provided, to which Genus and Family do Tigers belong?
                    [options] => Array
                        (
                            [A] => Genus: *Felidae*, Family: *Panthera*
                            [B] => Genus: *Panthera*, Family: *Felidae*
                            [C] => Genus: *tigris*, Family: *Mammalia*
                            [D] => Genus: *Chordata*, Family: *Animalia*
                        )

                    [correct] => B
                )

            [2] => Array
                (
                    [question] => What unique characteristic is noted about a tiger's stripe pattern?
                    [options] => Array
                        (
                            [A] => It changes color seasonally for better camouflage.
                            [B] => It is exactly the same for all tigers within a specific subspecies.
                            [C] => Each tiger's stripe pattern is unique, similar to a human fingerprint.
                            [D] => The stripes are only visible under ultraviolet light for inter-tiger communication.
                        )

                    [correct] => C
                )

            [3] => Array
                (
                    [question] => Which tiger subspecies is generally recognized as the largest and is adapted to colder climates, as mentioned in the notes?
                    [options] => Array
                        (
                            [A] => Bengal Tiger
                            [B] => Sumatran Tiger
                            [C] => Indochinese Tiger
                            [D] => Siberian (Amur) Tiger
                        )

                    [correct] => D
                )

            [4] => Array
                (
                    [question] => How much better is a tiger's night vision compared to that of humans, according to the provided text?
                    [options] => Array
                        (
                            [A] => 2 times better
                            [B] => 4 times better
                            [C] => 6 times better
                            [D] => 10 times better
                        )

                    [correct] => C
                )

        )

)

User ID: 7
Title: Quiz - Apr 03, 2026 04:55 PM
Quiz data length: 1622
Success!

2026-04-03 17:06:23 - Save quiz started
Input: Array
(
    [questions] => Array
        (
            [0] => Array
                (
                    [question] => What is a primary ecological role of tigers as apex predators?
                    [options] => Array
                        (
                            [A] => Facilitating the spread of plant seeds.
                            [B] => Preventing overgrazing by controlling prey populations.
                            [C] => Enhancing soil fertility through their waste.
                            [D] => Serving as a food source for smaller carnivores.
                        )

                    [correct] => B
                )

            [1] => Array
                (
                    [question] => Which other big cat species are classified under the same genus (*Panthera*) as tigers?
                    [options] => Array
                        (
                            [A] => Pumas, Cheetahs, Ocelots
                            [B] => Lions, Leopards, Jaguars
                            [C] => Lynxes, Bobcats, Servals
                            [D] => Domestic Cats, Wild Cats, Caracals
                        )

                    [correct] => B
                )

            [2] => Array
                (
                    [question] => What is the primary function of a tiger's unique stripe pattern?
                    [options] => Array
                        (
                            [A] => To attract mates during breeding season.
                            [B] => To signal dominance within their territory.
                            [C] => To provide disruptive camouflage in their habitat.
                            [D] => To regulate body temperature in varied climates.
                        )

                    [correct] => C
                )

            [3] => Array
                (
                    [question] => Which tiger subspecies is generally known to be the largest, adapted to colder climates?
                    [options] => Array
                        (
                            [A] => Bengal Tiger
                            [B] => Sumatran Tiger
                            [C] => Indochinese Tiger
                            [D] => Siberian (Amur) Tiger
                        )

                    [correct] => D
                )

            [4] => Array
                (
                    [question] => What special adaptation gives tigers excellent night vision, stated to be 6 times better than humans?
                    [options] => Array
                        (
                            [A] => A larger pupil size compared to humans.
                            [B] => A reflective layer behind the retina called the tapetum lucidum.
                            [C] => The ability to dilate and constrict their pupils rapidly.
                            [D] => A higher concentration of rod cells in their eyes.
                        )

                    [correct] => B
                )

        )

)

User ID: 7
Title: Quiz - Apr 03, 2026 05:06 PM
Quiz data length: 1501
Success!

2026-04-05 18:26:16 - Save quiz started
Input: Array
(
    [questions] => Array
        (
            [0] => Array
                (
                    [question] => What does the acronym PHP stand for, according to the study material?
                    [options] => Array
                        (
                            [A] => Personal Home Page
                            [B] => Preprocessed Hypertext Protocol
                            [C] => PHP: Hypertext Preprocessor
                            [D] => Programming High-level Page
                            [correct] => C
                        )

                    [correct] => C
                )

            [1] => Array
                (
                    [question] => Where are PHP scripts executed?
                    [options] => Array
                        (
                            [A] => On the client-side browser
                            [B] => On the server
                            [C] => Within the HTML document before sending to the client
                            [D] => In a local development environment only
                            [correct] => B
                        )

                    [correct] => B
                )

            [2] => Array
                (
                    [question] => Which of the following is NOT listed as a reason to use PHP?
                    [options] => Array
                        (
                            [A] => It has a relatively low learning curve.
                            [B] => It is primarily designed for mobile application development.
                            [C] => It is cross-platform, running on various operating systems.
                            [D] => Modern PHP versions offer significant performance improvements.
                            [correct] => B
                        )

                    [correct] => B
                )

            [3] => Array
                (
                    [question] => PHP is described as an open-source scripting language. What is a key benefit of its open-source nature?
                    [options] => Array
                        (
                            [A] => It requires a paid license for commercial use.
                            [B] => It limits its use to specific proprietary web servers.
                            [C] => It provides a large community support, extensive documentation, and a vast ecosystem.
                            [D] => It is exclusively developed by a single corporation.
                            [correct] => C
                        )

                    [correct] => C
                )

            [4] => Array
                (
                    [question] => PHP is especially suited for which type of development?
                    [options] => Array
                        (
                            [A] => Desktop application development
                            [B] => Operating system kernel development
                            [C] => Web development
                            [D] => Game engine development
                            [correct] => C
                        )

                    [correct] => C
                )

        )

)

User ID: 7
Title: Quiz - Apr 05, 2026 06:26 PM
Quiz data length: 1535
Success!

2026-04-06 08:19:53 - Save quiz started
Input: Array
(
    [questions] => Array
        (
            [0] => Array
                (
                    [question] => Who is this comprehensive Python study material primarily designed for?
                    [options] => Array
                        (
                            [A] => Only experienced Python developers looking for advanced topics.
                            [B] => Beginners with no prior programming knowledge, and also serves as a refresher for those with some experience.
                            [C] => Individuals solely interested in web development with Python.
                            [D] => People who already master Python and want to learn another language.
                        )

                    [correct] => B
                )

            [1] => Array
                (
                    [question] => Which of the following topics is NOT explicitly listed under 'Basic Syntax and Core Concepts' in the study material's table of contents?
                    [options] => Array
                        (
                            [A] => Variables and Data Types
                            [B] => Input and Output
                            [C] => Object-Oriented Programming
                            [D] => Type Conversion
                        )

                    [correct] => C
                )

            [2] => Array
                (
                    [question] => In Python, which statement is used to explicitly exit a loop prematurely?
                    [options] => Array
                        (
                            [A] => `continue`
                            [B] => `elif`
                            [C] => `break`
                            [D] => `pass`
                        )

                    [correct] => C
                )

            [3] => Array
                (
                    [question] => Which of these is a core data structure (collection) covered in the study material?
                    [options] => Array
                        (
                            [A] => Functions
                            [B] => Modules
                            [C] => Classes
                            [D] => Dictionaries
                        )

                    [correct] => D
                )

            [4] => Array
                (
                    [question] => What keyword combination is used in Python for handling potential errors or exceptions?
                    [options] => Array
                        (
                            [A] => `if`, `else`, `then`
                            [B] => `def`, `return`, `yield`
                            [C] => `try`, `except`, `finally`
                            [D] => `import`, `from`, `as`
                        )

                    [correct] => C
                )

        )

)

User ID: 7
Title: Quiz - Apr 06, 2026 08:19 AM
Quiz data length: 1340
Success!

2026-04-06 10:23:29 - Save quiz started
Input: Array
(
    [questions] => Array
        (
            [0] => Array
                (
                    [question] => World War II (WWII) was a global war that lasted for what period?
                    [options] => Array
                        (
                            [A] => 1914 to 1918
                            [B] => 1939 to 1945
                            [C] => 1945 to 1950
                            [D] => 1929 to 1935
                        )

                    [correct] => B
                )

            [1] => Array
                (
                    [question] => According to the study material, what was a significant characteristic of World War II's scale?
                    [options] => Array
                        (
                            [A] => It primarily involved only European powers.
                            [B] => It resulted in an estimated 70 to 85 million fatalities, a majority of whom were civilians.
                            [C] => It was a conflict with minimal impact on political alignments.
                            [D] => It notably excluded any acts of genocide.
                        )

                    [correct] => B
                )

            [2] => Array
                (
                    [question] => Which of the following was a major long-term consequence of World War II, as described in the notes?
                    [options] => Array
                        (
                            [A] => The reinforcement of existing colonial empires.
                            [B] => The end of all international military alliances.
                            [C] => The rise of the United States and the Soviet Union as superpowers.
                            [D] => The immediate cessation of all global conflicts.
                        )

                    [correct] => C
                )

            [3] => Array
                (
                    [question] => The Treaty of Versailles contributed to the causes of World War II by:
                    [options] => Array
                        (
                            [A] => Establishing a lasting peace agreement with Germany.
                            [B] => Imposing harsh terms on Germany, fostering resentment and a desire for revenge.
                            [C] => Promoting economic stability across Europe.
                            [D] => Unifying European nations against common external threats.
                        )

                    [correct] => B
                )

            [4] => Array
                (
                    [question] => What condition in the interwar period fueled the rise of aggressive, expansionist, and anti-democratic ideologies like Fascism, which contributed to World War II?
                    [options] => Array
                        (
                            [A] => Widespread political stability and economic prosperity.
                            [B] => Economic hardship and political instability.
                            [C] => A global movement towards democratic governance.
                            [D] => The successful implementation of international disarmament treaties.
                        )

                    [correct] => C
                )

        )

)

User ID: 7
Title: Quiz - Apr 06, 2026 10:23 AM
Quiz data length: 1784
Success!

2026-04-06 17:16:14 - Save quiz started
Input: Array
(
    [questions] => Array
        (
            [0] => Array
                (
                    [question] => Which of the following tasks is typically NOT considered a core part of the web development process as described in the notes?
                    [options] => Array
                        (
                            [A] => Web content development
                            [B] => Client-side scripting
                            [C] => Hardware manufacturing for servers
                            [D] => Database management
                        )

                    [correct] => C
                )

            [1] => Array
                (
                    [question] => According to the study material, which of these is a key reason to learn Web Development?
                    [options] => Array
                        (
                            [A] => It primarily focuses on static print media design.
                            [B] => It offers limited opportunities for remote work.
                            [C] => It provides strong job prospects in a constantly evolving field.
                            [D] => It discourages creativity and problem-solving skills.
                        )

                    [correct] => C
                )

            [2] => Array
                (
                    [question] => A developer who focuses primarily on what the user sees and interacts with on a website, specifically the user interface and user experience, is known as a:
                    [options] => Array
                        (
                            [A] => Backend Developer
                            [B] => Full-Stack Developer
                            [C] => Frontend Developer
                            [D] => DevOps Engineer
                        )

                    [correct] => C
                )

            [3] => Array
                (
                    [question] => In the client-server model, what is the primary function of the 'client'?
                    [options] => Array
                        (
                            [A] => To store website files and databases.
                            [B] => To process requests and retrieve necessary data.
                            [C] => To send requests to the server and render the response.
                            [D] => To configure network security for the server.
                        )

                    [correct] => C
                )

            [4] => Array
                (
                    [question] => What is the primary characteristic that differentiates HTTPS from HTTP?
                    [options] => Array
                        (
                            [A] => HTTPS is a newer, faster protocol for transmitting larger files.
                            [B] => HTTPS defines how messages are formatted and transmitted more efficiently.
                            [C] => HTTPS provides a secure, encrypted connection for data transmission.
                            [D] => HTTPS allows servers to store more website files and databases.
                        )

                    [correct] => C
                )

        )

)

User ID: 7
Title: Quiz - Apr 06, 2026 05:16 PM
Quiz data length: 1702
Success!

2026-04-27 05:20:58 - Save quiz started
Input: Array
(
    [questions] => Array
        (
            [0] => Array
                (
                    [question] => By what common epithet is William Shakespeare often hailed?
                    [options] => Array
                        (
                            [A] => The Poet Laureate
                            [B] => The Bard of Avon
                            [C] => The London Dramatist
                            [D] => The English Wordsmith
                        )

                    [correct] => B
                )

            [1] => Array
                (
                    [question] => What significant date is traditionally associated with both William Shakespeare's birth celebration and his actual death?
                    [options] => Array
                        (
                            [A] => January 1st
                            [B] => July 4th
                            [C] => April 23rd
                            [D] => December 25th
                        )

                    [correct] => C
                )

            [2] => Array
                (
                    [question] => William Shakespeare was a founding member and shareholder of which famous acting company, which was later renamed the King's Men?
                    [options] => Array
                        (
                            [A] => The Royal Players
                            [B] => The Globe Troupe
                            [C] => The Lord Chamberlain's Men
                            [D] => The Queen's Revels
                        )

                    [correct] => C
                )

            [3] => Array
                (
                    [question] => Which two primary historical and cultural eras in England did William Shakespeare's life and career span?
                    [options] => Array
                        (
                            [A] => The Tudor and Georgian Eras
                            [B] => The Victorian and Edwardian Eras
                            [C] => The Elizabethan and Jacobean Eras
                            [D] => The Renaissance and Reformation Eras
                        )

                    [correct] => C
                )

            [4] => Array
                (
                    [question] => What is referred to as Shakespeare's 'Lost Years'?
                    [options] => Array
                        (
                            [A] => The period he spent studying abroad in Italy.
                            [B] => The undocumented period between the birth of his twins and his emergence as a playwright in London.
                            [C] => The years he was imprisoned for political writings.
                            [D] => The time he spent exploring new territories with navigators.
                        )

                    [correct] => B
                )

        )

)

User ID: 7
Title: Quiz - Apr 27, 2026 05:20 AM
Quiz data length: 1391
Success!

2026-04-29 14:43:20 - Save quiz started
Input: Array
(
    [questions] => Array
        (
            [0] => Array
                (
                    [question] => What were the core ideals that defined the French Revolution?
                    [options] => Array
                        (
                            [A] => Peace, Order, Prosperity
                            [B] => Liberty, Equality, Fraternity
                            [C] => Faith, Hope, Charity
                            [D] => Justice, Security, Progress
                        )

                    [correct] => B
                )

            [1] => Array
                (
                    [question] => Which of the following best describes the Ancien Régime in France before 1789?
                    [options] => Array
                        (
                            [A] => A constitutional monarchy with a growing middle class that held significant political power.
                            [B] => A federal system of autonomous provinces with elected local governments.
                            [C] => An absolute monarchy characterized by a rigid social hierarchy and feudal practices.
                            [D] => A democratic republic with universal suffrage and social welfare programs.
                        )

                    [correct] => C
                )

            [2] => Array
                (
                    [question] => In the social structure of the Ancien Régime, which Estate comprised over 97% of the population and bore almost all of the tax burden?
                    [options] => Array
                        (
                            [A] => The First Estate
                            [B] => The Second Estate
                            [C] => The Third Estate
                            [D] => The Fourth Estate
                        )

                    [correct] => C
                )

            [3] => Array
                (
                    [question] => Which group formed the First Estate in pre-revolutionary France?
                    [options] => Array
                        (
                            [A] => The Nobility
                            [B] => Wealthy merchants and lawyers (bourgeoisie)
                            [C] => The Clergy
                            [D] => City workers (sans-culottes)
                        )

                    [correct] => C
                )

            [4] => Array
                (
                    [question] => A significant privilege enjoyed by both the First and Second Estates under the Ancien Régime was their:
                    [options] => Array
                        (
                            [A] => Obligation to perform the *corvée* (forced labor)
                            [B] => Exemption from most taxes, including the *taille*
                            [C] => Payment of tithes to the church
                            [D] => Lack of political power and representation
                        )

                    [correct] => B
                )

        )

)

User ID: 7
Title: Quiz - Apr 29, 2026 02:43 PM
Quiz data length: 1563
Success!

